p/1662481430668.jpg 1 0 0 720 720
p/1662481430669.jpg 1 0 0 720 720
p/1662481430670.jpg 1 0 0 720 720
p/1662481699200.jpg 1 0 0 720 720
p/1662481699201.jpg 1 0 0 720 720
p/1662481699202.jpg 1 0 0 720 720
p/1662481699206.jpg 1 0 0 720 720
p/photo_2022-09-06_11-15-09.jpg 1 0 0 720 720
p/1662481430664.jpg 1 0 0 720 720
p/1662481430665.jpg 1 0 0 720 720
p/1662481430667.jpg 1 0 0 720 720
p/1662481699196.jpg 1 0 0 720 720
p/1662481699197.jpg 1 0 0 720 720
p/1662481699199.jpg 1 0 0 720 720
p/1662481699205.jpg 1 0 0 720 720
p/photo_2022-09-06_11-15-06.jpg 1 0 0 720 720
p/1662481430661.jpg 1 0 0 720 720
p/1662481430662.jpg 1 0 0 720 720
p/1662481430663.jpg 1 0 0 720 720
p/1662481699193.jpg 1 0 0 720 720
p/1662481699194.jpg 1 0 0 720 720
p/1662481699195.jpg 1 0 0 720 720
p/1662481699204.jpg 1 0 0 720 720
p/photo_2022-09-06_11-15-02.jpg 1 0 0 720 720
p/1662481430658.jpg 1 0 0 720 720
p/1662481430659.jpg 1 0 0 720 720
p/1662481430660.jpg 1 0 0 720 720
p/1662481699190.jpg 1 0 0 720 720
p/1662481699191.jpg 1 0 0 720 720
p/1662481699192.jpg 1 0 0 720 720
p/1662481699203.jpg 1 0 0 720 720
p/photo_2022-09-06_10-48-56.jpg 1 0 0 720 720